2024-06-24T11:58:16.725+05:30  INFO 18456 --- [data-fetcher] [main] c.e.s.SpringConfigClientApplication      : Starting SpringConfigClientApplication using Java 19.0.2 with PID 18456 (C:\Users\tanuja.sirugudi\Desktop\bounteous_integration\spring-cloud-config\spring-config-client\target\classes started by tanuja.sirugudi in C:\Users\tanuja.sirugudi\Desktop\bounteous_integration\spring-cloud-config\spring-config-client)
2024-06-24T11:58:16.728+05:30  INFO 18456 --- [data-fetcher] [main] c.e.s.SpringConfigClientApplication      : No active profile set, falling back to 1 default profile: "default"
2024-06-24T11:58:16.773+05:30  INFO 18456 --- [data-fetcher] [main] o.s.c.c.c.ConfigServerConfigDataLoader   : Fetching config from server at : http://localhost:8888/
2024-06-24T11:58:16.773+05:30  INFO 18456 --- [data-fetcher] [main] o.s.c.c.c.ConfigServerConfigDataLoader   : Located environment: name=spring-config-server, profiles=[local], label=null, version=null, state=null
2024-06-24T11:58:17.654+05:30  INFO 18456 --- [data-fetcher] [main] o.s.cloud.context.scope.GenericScope     : BeanFactory id=0124c6d4-5829-3d20-8a46-01f7304939db
2024-06-24T11:58:18.040+05:30  INFO 18456 --- [data-fetcher] [main] o.s.b.w.embedded.tomcat.TomcatWebServer  : Tomcat initialized with port 8080 (http)
2024-06-24T11:58:18.053+05:30  INFO 18456 --- [data-fetcher] [main] o.apache.catalina.core.StandardService   : Starting service [Tomcat]
2024-06-24T11:58:18.054+05:30  INFO 18456 --- [data-fetcher] [main] o.apache.catalina.core.StandardEngine    : Starting Servlet engine: [Apache Tomcat/10.1.25]
2024-06-24T11:58:19.907+05:30  INFO 18456 --- [data-fetcher] [main] o.s.cloud.commons.util.InetUtils         : Cannot determine local hostname
2024-06-24T11:58:19.989+05:30  INFO 18456 --- [data-fetcher] [main] o.s.b.a.e.web.EndpointLinksResolver      : Exposing 3 endpoints beneath base path '/actuator'
2024-06-24T11:58:21.669+05:30  INFO 18456 --- [data-fetcher] [main] o.s.cloud.commons.util.InetUtils         : Cannot determine local hostname
2024-06-24T11:58:21.789+05:30  INFO 18456 --- [data-fetcher] [main] o.s.b.w.embedded.tomcat.TomcatWebServer  : Tomcat started on port 8080 (http)
2024-06-24T11:58:23.235+05:30  INFO 18456 --- [data-fetcher] [main] o.s.cloud.commons.util.InetUtils         : Cannot determine local hostname
2024-06-24T11:58:24.710+05:30  INFO 18456 --- [data-fetcher] [main] o.s.cloud.commons.util.InetUtils         : Cannot determine local hostname
2024-06-24T11:58:24.728+05:30  INFO 18456 --- [data-fetcher] [main] c.e.s.SpringConfigClientApplication      : Started SpringConfigClientApplication in 10.426 seconds (process running for 10.914)
2024-06-24T11:59:08.620+05:30  INFO 18456 --- [data-fetcher] [boundedElastic-1] o.s.c.c.c.ConfigServerConfigDataLoader   : Fetching config from server at : http://localhost:8888/
2024-06-24T11:59:08.640+05:30  INFO 18456 --- [data-fetcher] [boundedElastic-1] o.s.c.c.c.ConfigServerConfigDataLoader   : Located environment: name=spring-config-server, profiles=[local], label=null, version=null, state=null
2024-06-24T11:59:10.195+05:30  INFO 18456 --- [data-fetcher] [boundedElastic-1] o.s.cloud.commons.util.InetUtils         : Cannot determine local hostname
2024-06-24T11:59:35.707+05:30  INFO 18456 --- [data-fetcher] [boundedElastic-1] o.s.c.c.c.ConfigServerConfigDataLoader   : Fetching config from server at : http://localhost:8888/
2024-06-24T11:59:35.729+05:30  INFO 18456 --- [data-fetcher] [boundedElastic-1] o.s.c.c.c.ConfigServerConfigDataLoader   : Located environment: name=spring-config-server, profiles=[local], label=null, version=null, state=null
2024-06-24T11:59:37.209+05:30  INFO 18456 --- [data-fetcher] [boundedElastic-1] o.s.cloud.commons.util.InetUtils         : Cannot determine local hostname
2024-06-24T12:04:49.479+05:30  INFO 2844 --- [data-fetcher] [main] c.e.s.SpringConfigClientApplication      : Starting SpringConfigClientApplication using Java 19.0.2 with PID 2844 (C:\Users\tanuja.sirugudi\Desktop\bounteous_integration\spring-cloud-config\spring-config-client\target\classes started by tanuja.sirugudi in C:\Users\tanuja.sirugudi\Desktop\bounteous_integration\spring-cloud-config\spring-config-client)
2024-06-24T12:04:49.481+05:30  INFO 2844 --- [data-fetcher] [main] c.e.s.SpringConfigClientApplication      : No active profile set, falling back to 1 default profile: "default"
2024-06-24T12:04:49.520+05:30  INFO 2844 --- [data-fetcher] [main] o.s.c.c.c.ConfigServerConfigDataLoader   : Fetching config from server at : http://localhost:8888/
2024-06-24T12:04:49.520+05:30  INFO 2844 --- [data-fetcher] [main] o.s.c.c.c.ConfigServerConfigDataLoader   : Located environment: name=spring-config-server, profiles=[local], label=null, version=null, state=null
2024-06-24T12:04:50.297+05:30  INFO 2844 --- [data-fetcher] [main] o.s.cloud.context.scope.GenericScope     : BeanFactory id=0124c6d4-5829-3d20-8a46-01f7304939db
2024-06-24T12:04:50.665+05:30  INFO 2844 --- [data-fetcher] [main] o.s.b.w.embedded.tomcat.TomcatWebServer  : Tomcat initialized with port 8080 (http)
2024-06-24T12:04:50.678+05:30  INFO 2844 --- [data-fetcher] [main] o.apache.catalina.core.StandardService   : Starting service [Tomcat]
2024-06-24T12:04:50.679+05:30  INFO 2844 --- [data-fetcher] [main] o.apache.catalina.core.StandardEngine    : Starting Servlet engine: [Apache Tomcat/10.1.25]
2024-06-24T12:04:52.494+05:30  INFO 2844 --- [data-fetcher] [main] o.s.cloud.commons.util.InetUtils         : Cannot determine local hostname
2024-06-24T12:04:52.553+05:30  INFO 2844 --- [data-fetcher] [main] o.s.b.a.e.web.EndpointLinksResolver      : Exposing 3 endpoints beneath base path '/actuator'
2024-06-24T12:04:54.246+05:30  INFO 2844 --- [data-fetcher] [main] o.s.cloud.commons.util.InetUtils         : Cannot determine local hostname
2024-06-24T12:04:54.352+05:30  INFO 2844 --- [data-fetcher] [main] o.s.b.w.embedded.tomcat.TomcatWebServer  : Tomcat started on port 8080 (http)
2024-06-24T12:04:55.780+05:30  INFO 2844 --- [data-fetcher] [main] o.s.cloud.commons.util.InetUtils         : Cannot determine local hostname
2024-06-24T12:04:57.239+05:30  INFO 2844 --- [data-fetcher] [main] o.s.cloud.commons.util.InetUtils         : Cannot determine local hostname
2024-06-24T12:04:57.257+05:30  INFO 2844 --- [data-fetcher] [main] c.e.s.SpringConfigClientApplication      : Started SpringConfigClientApplication in 10.199 seconds (process running for 10.687)
2024-06-24T12:06:14.176+05:30  INFO 8300 --- [data-fetcher] [main] c.e.s.SpringConfigClientApplication      : Starting SpringConfigClientApplication using Java 19.0.2 with PID 8300 (C:\Users\tanuja.sirugudi\Desktop\bounteous_integration\spring-cloud-config\spring-config-client\target\classes started by tanuja.sirugudi in C:\Users\tanuja.sirugudi\Desktop\bounteous_integration\spring-cloud-config\spring-config-client)
2024-06-24T12:06:14.178+05:30  INFO 8300 --- [data-fetcher] [main] c.e.s.SpringConfigClientApplication      : No active profile set, falling back to 1 default profile: "default"
2024-06-24T12:06:14.215+05:30  INFO 8300 --- [data-fetcher] [main] o.s.c.c.c.ConfigServerConfigDataLoader   : Fetching config from server at : http://localhost:8888/
2024-06-24T12:06:14.215+05:30  INFO 8300 --- [data-fetcher] [main] o.s.c.c.c.ConfigServerConfigDataLoader   : Located environment: name=spring-config-server, profiles=[local], label=null, version=null, state=null
2024-06-24T12:06:15.038+05:30  INFO 8300 --- [data-fetcher] [main] o.s.cloud.context.scope.GenericScope     : BeanFactory id=0124c6d4-5829-3d20-8a46-01f7304939db
2024-06-24T12:06:15.563+05:30  INFO 8300 --- [data-fetcher] [main] o.s.b.w.embedded.tomcat.TomcatWebServer  : Tomcat initialized with port 8080 (http)
2024-06-24T12:06:15.593+05:30  INFO 8300 --- [data-fetcher] [main] o.apache.catalina.core.StandardService   : Starting service [Tomcat]
2024-06-24T12:06:15.593+05:30  INFO 8300 --- [data-fetcher] [main] o.apache.catalina.core.StandardEngine    : Starting Servlet engine: [Apache Tomcat/10.1.25]
2024-06-24T12:06:17.632+05:30  INFO 8300 --- [data-fetcher] [main] o.s.cloud.commons.util.InetUtils         : Cannot determine local hostname
2024-06-24T12:06:17.712+05:30  INFO 8300 --- [data-fetcher] [main] o.s.b.a.e.web.EndpointLinksResolver      : Exposing 3 endpoints beneath base path '/actuator'
2024-06-24T12:06:19.493+05:30  INFO 8300 --- [data-fetcher] [main] o.s.cloud.commons.util.InetUtils         : Cannot determine local hostname
2024-06-24T12:06:19.609+05:30  INFO 8300 --- [data-fetcher] [main] o.s.b.w.embedded.tomcat.TomcatWebServer  : Tomcat started on port 8080 (http)
2024-06-24T12:06:21.054+05:30  INFO 8300 --- [data-fetcher] [main] o.s.cloud.commons.util.InetUtils         : Cannot determine local hostname
2024-06-24T12:06:22.507+05:30  INFO 8300 --- [data-fetcher] [main] o.s.cloud.commons.util.InetUtils         : Cannot determine local hostname
2024-06-24T12:06:22.539+05:30  INFO 8300 --- [data-fetcher] [main] c.e.s.SpringConfigClientApplication      : Started SpringConfigClientApplication in 10.889 seconds (process running for 11.427)
